{"name":"Расчет ежемесячного платежа по ипотеке","status":"broken","statusDetails":{"known":false,"muted":false,"flaky":false,"message":"Expected condition failed: waiting for text ('11 %') to be present in element [[ChromeDriver: chrome on WINDOWS (45157b03c9d8e276754c14fbc1daf95a)] -> xpath: //span[@data-test-id=\"rate\"]] (tried for 10 second(s) with 500 milliseconds interval)\nBuild info: version: '3.141.59', revision: 'e82be7d358', time: '2018-11-14T08:17:03'\nSystem info: host: 'DESKTOP-VKINNOG', ip: '192.168.56.1', os.name: 'Windows 10', os.arch: 'amd64', os.version: '10.0', java.version: '11.0.2'\nDriver info: org.openqa.selenium.chrome.ChromeDriver\nCapabilities {acceptInsecureCerts: false, browserName: chrome, browserVersion: 80.0.3987.149, chrome: {chromedriverVersion: 80.0.3987.106 (f68069574609..., userDataDir: C:\\Users\\ferru\\AppData\\Loca...}, goog:chromeOptions: {debuggerAddress: localhost:54877}, javascriptEnabled: true, networkConnectionEnabled: false, pageLoadStrategy: normal, platform: WINDOWS, platformName: WINDOWS, proxy: Proxy(), setWindowRect: true, strictFileInteractability: false, timeouts: {implicit: 0, pageLoad: 300000, script: 30000}, unhandledPromptBehavior: dismiss and notify}\nSession ID: 45157b03c9d8e276754c14fbc1daf95a","trace":"org.openqa.selenium.TimeoutException: Expected condition failed: waiting for text ('11 %') to be present in element [[ChromeDriver: chrome on WINDOWS (45157b03c9d8e276754c14fbc1daf95a)] -> xpath: //span[@data-test-id=\"rate\"]] (tried for 10 second(s) with 500 milliseconds interval)\nBuild info: version: '3.141.59', revision: 'e82be7d358', time: '2018-11-14T08:17:03'\nSystem info: host: 'DESKTOP-VKINNOG', ip: '192.168.56.1', os.name: 'Windows 10', os.arch: 'amd64', os.version: '10.0', java.version: '11.0.2'\nDriver info: org.openqa.selenium.chrome.ChromeDriver\nCapabilities {acceptInsecureCerts: false, browserName: chrome, browserVersion: 80.0.3987.149, chrome: {chromedriverVersion: 80.0.3987.106 (f68069574609..., userDataDir: C:\\Users\\ferru\\AppData\\Loca...}, goog:chromeOptions: {debuggerAddress: localhost:54877}, javascriptEnabled: true, networkConnectionEnabled: false, pageLoadStrategy: normal, platform: WINDOWS, platformName: WINDOWS, proxy: Proxy(), setWindowRect: true, strictFileInteractability: false, timeouts: {implicit: 0, pageLoad: 300000, script: 30000}, unhandledPromptBehavior: dismiss and notify}\nSession ID: 45157b03c9d8e276754c14fbc1daf95a\r\n\tat org.openqa.selenium.support.ui.WebDriverWait.timeoutException(WebDriverWait.java:95)\r\n\tat org.openqa.selenium.support.ui.FluentWait.until(FluentWait.java:272)\r\n\tat ru.aplana.autotest.pages.BasePage.waittextToBePresentInElement(BasePage.java:53)\r\n\tat ru.aplana.autotest.steps.IpotekaPageSteps.checkCalcValue(IpotekaPageSteps.java:37)\r\n\tat ru.aplana.autotest.glue.MyStepdefs.lambda$значения_полей$1(MyStepdefs.java:64)\r\n\tat java.base/java.util.LinkedHashMap.forEach(LinkedHashMap.java:684)\r\n\tat java.base/java.util.Collections$UnmodifiableMap.forEach(Collections.java:1503)\r\n\tat ru.aplana.autotest.glue.MyStepdefs.значения_полей(MyStepdefs.java:64)\r\n\tat ✽.значения полей равны:(src/test/resources/features/SberTest.feature:21)\r\n"},"stage":"finished","steps":[{"name":"Когда  выбрано меню Ипотека","status":"passed","statusDetails":{"known":false,"muted":false,"flaky":false},"stage":"finished","steps":[{"name":"Выбрано меню Ипотека","status":"passed","stage":"finished","steps":[],"attachments":[],"parameters":[],"start":1584902839449,"stop":1584902840108}],"attachments":[],"parameters":[],"start":1584902839368,"stop":1584902840117},{"name":"Когда  выбран вид ипотеки Ипотека на готовое жильё","status":"passed","statusDetails":{"known":false,"muted":false,"flaky":false},"stage":"finished","steps":[{"name":"Выбран пункт меню Ипотека на готовое жильё","status":"passed","stage":"finished","steps":[],"attachments":[],"parameters":[],"start":1584902840118,"stop":1584902842143}],"attachments":[],"parameters":[],"start":1584902840117,"stop":1584902842145},{"name":"Когда  выполнен скроллинг до формы расчета ипотеки","status":"passed","statusDetails":{"known":false,"muted":false,"flaky":false},"stage":"finished","steps":[{"name":"Выполнен скроллинг до формы расчета ипотеки","status":"passed","stage":"finished","steps":[],"attachments":[],"parameters":[],"start":1584902842147,"stop":1584902843856}],"attachments":[],"parameters":[],"start":1584902842145,"stop":1584902843856},{"name":"Тогда  выполнено переключение на форму расчета ипотеки","status":"passed","statusDetails":{"known":false,"muted":false,"flaky":false},"stage":"finished","steps":[{"name":"Выполнено переключение на форму расчета ипотеки","status":"passed","stage":"finished","steps":[],"attachments":[],"parameters":[],"start":1584902843858,"stop":1584902844490}],"attachments":[],"parameters":[],"start":1584902843857,"stop":1584902844490},{"name":"Когда  заполняются поля:","status":"passed","statusDetails":{"known":false,"muted":false,"flaky":false},"stage":"finished","steps":[{"name":"поле Стоимость недвижимости заполняется значением 5180000","status":"passed","stage":"finished","steps":[],"attachments":[],"parameters":[{"name":"field","value":"Стоимость недвижимости"},{"name":"value","value":"5180000"}],"start":1584902844534,"stop":1584902854771},{"name":"поле Первоначальный взнос заполняется значением 3058000","status":"passed","stage":"finished","steps":[],"attachments":[],"parameters":[{"name":"field","value":"Первоначальный взнос"},{"name":"value","value":"3058000"}],"start":1584902854771,"stop":1584902855963},{"name":"поле Срок кредита заполняется значением 30","status":"passed","stage":"finished","steps":[],"attachments":[],"parameters":[{"name":"field","value":"Срок кредита"},{"name":"value","value":"30"}],"start":1584902855963,"stop":1584902856350}],"attachments":[{"name":"Data table","source":"8a133e30-d5dd-444b-a750-80794ea69fd8-attachment.csv","type":"text/tab-separated-values"}],"parameters":[],"start":1584902844490,"stop":1584902856350},{"name":"Когда  выполнено нажатие на кнопку \"Молодая семья\"","status":"passed","statusDetails":{"known":false,"muted":false,"flaky":false},"stage":"finished","steps":[{"name":"Выполнено нажатие на кнопку Молодая семья","status":"passed","stage":"finished","steps":[],"attachments":[],"parameters":[{"name":"name","value":"Молодая семья"}],"start":1584902856351,"stop":1584902857405}],"attachments":[],"parameters":[],"start":1584902856351,"stop":1584902857406},{"name":"Когда  выполнено нажатие на кнопку \"Есть зарплатная карта Сбербанка\"","status":"passed","statusDetails":{"known":false,"muted":false,"flaky":false},"stage":"finished","steps":[{"name":"Выполнено нажатие на кнопку Есть зарплатная карта Сбербанка","status":"passed","stage":"finished","steps":[],"attachments":[],"parameters":[{"name":"name","value":"Есть зарплатная карта Сбербанка"}],"start":1584902857407,"stop":1584902858456}],"attachments":[],"parameters":[],"start":1584902857407,"stop":1584902858456},{"name":"Тогда  значения полей равны:","status":"broken","statusDetails":{"known":false,"muted":false,"flaky":false,"message":"Expected condition failed: waiting for text ('11 %') to be present in element [[ChromeDriver: chrome on WINDOWS (45157b03c9d8e276754c14fbc1daf95a)] -> xpath: //span[@data-test-id=\"rate\"]] (tried for 10 second(s) with 500 milliseconds interval)\nBuild info: version: '3.141.59', revision: 'e82be7d358', time: '2018-11-14T08:17:03'\nSystem info: host: 'DESKTOP-VKINNOG', ip: '192.168.56.1', os.name: 'Windows 10', os.arch: 'amd64', os.version: '10.0', java.version: '11.0.2'\nDriver info: org.openqa.selenium.chrome.ChromeDriver\nCapabilities {acceptInsecureCerts: false, browserName: chrome, browserVersion: 80.0.3987.149, chrome: {chromedriverVersion: 80.0.3987.106 (f68069574609..., userDataDir: C:\\Users\\ferru\\AppData\\Loca...}, goog:chromeOptions: {debuggerAddress: localhost:54877}, javascriptEnabled: true, networkConnectionEnabled: false, pageLoadStrategy: normal, platform: WINDOWS, platformName: WINDOWS, proxy: Proxy(), setWindowRect: true, strictFileInteractability: false, timeouts: {implicit: 0, pageLoad: 300000, script: 30000}, unhandledPromptBehavior: dismiss and notify}\nSession ID: 45157b03c9d8e276754c14fbc1daf95a","trace":"org.openqa.selenium.TimeoutException: Expected condition failed: waiting for text ('11 %') to be present in element [[ChromeDriver: chrome on WINDOWS (45157b03c9d8e276754c14fbc1daf95a)] -> xpath: //span[@data-test-id=\"rate\"]] (tried for 10 second(s) with 500 milliseconds interval)\nBuild info: version: '3.141.59', revision: 'e82be7d358', time: '2018-11-14T08:17:03'\nSystem info: host: 'DESKTOP-VKINNOG', ip: '192.168.56.1', os.name: 'Windows 10', os.arch: 'amd64', os.version: '10.0', java.version: '11.0.2'\nDriver info: org.openqa.selenium.chrome.ChromeDriver\nCapabilities {acceptInsecureCerts: false, browserName: chrome, browserVersion: 80.0.3987.149, chrome: {chromedriverVersion: 80.0.3987.106 (f68069574609..., userDataDir: C:\\Users\\ferru\\AppData\\Loca...}, goog:chromeOptions: {debuggerAddress: localhost:54877}, javascriptEnabled: true, networkConnectionEnabled: false, pageLoadStrategy: normal, platform: WINDOWS, platformName: WINDOWS, proxy: Proxy(), setWindowRect: true, strictFileInteractability: false, timeouts: {implicit: 0, pageLoad: 300000, script: 30000}, unhandledPromptBehavior: dismiss and notify}\nSession ID: 45157b03c9d8e276754c14fbc1daf95a\r\n\tat org.openqa.selenium.support.ui.WebDriverWait.timeoutException(WebDriverWait.java:95)\r\n\tat org.openqa.selenium.support.ui.FluentWait.until(FluentWait.java:272)\r\n\tat ru.aplana.autotest.pages.BasePage.waittextToBePresentInElement(BasePage.java:53)\r\n\tat ru.aplana.autotest.steps.IpotekaPageSteps.checkCalcValue(IpotekaPageSteps.java:37)\r\n\tat ru.aplana.autotest.glue.MyStepdefs.lambda$значения_полей$1(MyStepdefs.java:64)\r\n\tat java.base/java.util.LinkedHashMap.forEach(LinkedHashMap.java:684)\r\n\tat java.base/java.util.Collections$UnmodifiableMap.forEach(Collections.java:1503)\r\n\tat ru.aplana.autotest.glue.MyStepdefs.значения_полей(MyStepdefs.java:64)\r\n\tat ✽.значения полей равны:(src/test/resources/features/SberTest.feature:21)\r\n"},"stage":"finished","steps":[{"name":"поле Сумма кредита заполнено значением 2 122 000 ₽","status":"passed","stage":"finished","steps":[],"attachments":[],"parameters":[{"name":"field","value":"Сумма кредита"},{"name":"value","value":"2 122 000 ₽"}],"start":1584902858461,"stop":1584902858719},{"name":"поле Ежемесячный платеж заполнено значением 17 535 ₽","status":"passed","stage":"finished","steps":[],"attachments":[],"parameters":[{"name":"field","value":"Ежемесячный платеж"},{"name":"value","value":"17 535 ₽"}],"start":1584902858720,"stop":1584902859291},{"name":"поле Необходимый доход заполнено значением 29 224 ₽","status":"passed","stage":"finished","steps":[],"attachments":[],"parameters":[{"name":"field","value":"Необходимый доход"},{"name":"value","value":"29 224 ₽"}],"start":1584902859291,"stop":1584902859340},{"name":"поле Процентная ставка заполнено значением 11 %","status":"broken","statusDetails":{"known":false,"muted":false,"flaky":false,"message":"Expected condition failed: waiting for text ('11 %') to be present in element [[ChromeDriver: chrome on WINDOWS (45157b03c9d8e276754c14fbc1daf95a)] -> xpath: //span[@data-test-id=\"rate\"]] (tried for 10 second(s) with 500 milliseconds interval)\nBuild info: version: '3.141.59', revision: 'e82be7d358', time: '2018-11-14T08:17:03'\nSystem info: host: 'DESKTOP-VKINNOG', ip: '192.168.56.1', os.name: 'Windows 10', os.arch: 'amd64', os.version: '10.0', java.version: '11.0.2'\nDriver info: org.openqa.selenium.chrome.ChromeDriver\nCapabilities {acceptInsecureCerts: false, browserName: chrome, browserVersion: 80.0.3987.149, chrome: {chromedriverVersion: 80.0.3987.106 (f68069574609..., userDataDir: C:\\Users\\ferru\\AppData\\Loca...}, goog:chromeOptions: {debuggerAddress: localhost:54877}, javascriptEnabled: true, networkConnectionEnabled: false, pageLoadStrategy: normal, platform: WINDOWS, platformName: WINDOWS, proxy: Proxy(), setWindowRect: true, strictFileInteractability: false, timeouts: {implicit: 0, pageLoad: 300000, script: 30000}, unhandledPromptBehavior: dismiss and notify}\nSession ID: 45157b03c9d8e276754c14fbc1daf95a","trace":"org.openqa.selenium.TimeoutException: Expected condition failed: waiting for text ('11 %') to be present in element [[ChromeDriver: chrome on WINDOWS (45157b03c9d8e276754c14fbc1daf95a)] -> xpath: //span[@data-test-id=\"rate\"]] (tried for 10 second(s) with 500 milliseconds interval)\nBuild info: version: '3.141.59', revision: 'e82be7d358', time: '2018-11-14T08:17:03'\nSystem info: host: 'DESKTOP-VKINNOG', ip: '192.168.56.1', os.name: 'Windows 10', os.arch: 'amd64', os.version: '10.0', java.version: '11.0.2'\nDriver info: org.openqa.selenium.chrome.ChromeDriver\nCapabilities {acceptInsecureCerts: false, browserName: chrome, browserVersion: 80.0.3987.149, chrome: {chromedriverVersion: 80.0.3987.106 (f68069574609..., userDataDir: C:\\Users\\ferru\\AppData\\Loca...}, goog:chromeOptions: {debuggerAddress: localhost:54877}, javascriptEnabled: true, networkConnectionEnabled: false, pageLoadStrategy: normal, platform: WINDOWS, platformName: WINDOWS, proxy: Proxy(), setWindowRect: true, strictFileInteractability: false, timeouts: {implicit: 0, pageLoad: 300000, script: 30000}, unhandledPromptBehavior: dismiss and notify}\nSession ID: 45157b03c9d8e276754c14fbc1daf95a\r\n\tat org.openqa.selenium.support.ui.WebDriverWait.timeoutException(WebDriverWait.java:95)\r\n\tat org.openqa.selenium.support.ui.FluentWait.until(FluentWait.java:272)\r\n\tat ru.aplana.autotest.pages.BasePage.waittextToBePresentInElement(BasePage.java:53)\r\n\tat ru.aplana.autotest.steps.IpotekaPageSteps.checkCalcValue(IpotekaPageSteps.java:37)\r\n\tat ru.aplana.autotest.glue.MyStepdefs.lambda$значения_полей$1(MyStepdefs.java:64)\r\n\tat java.base/java.util.LinkedHashMap.forEach(LinkedHashMap.java:684)\r\n\tat java.base/java.util.Collections$UnmodifiableMap.forEach(Collections.java:1503)\r\n\tat ru.aplana.autotest.glue.MyStepdefs.значения_полей(MyStepdefs.java:64)\r\n\tat java.base/jdk.internal.reflect.NativeMethodAccessorImpl.invoke0(Native Method)\r\n\tat java.base/jdk.internal.reflect.NativeMethodAccessorImpl.invoke(NativeMethodAccessorImpl.java:62)\r\n\tat java.base/jdk.internal.reflect.DelegatingMethodAccessorImpl.invoke(DelegatingMethodAccessorImpl.java:43)\r\n\tat java.base/java.lang.reflect.Method.invoke(Method.java:566)\r\n\tat cucumber.runtime.Utils$1.call(Utils.java:26)\r\n\tat cucumber.runtime.Timeout.timeout(Timeout.java:16)\r\n\tat cucumber.runtime.Utils.invoke(Utils.java:20)\r\n\tat cucumber.runtime.java.JavaStepDefinition.execute(JavaStepDefinition.java:48)\r\n\tat cucumber.runtime.PickleStepDefinitionMatch.runStep(PickleStepDefinitionMatch.java:50)\r\n\tat cucumber.runner.TestStep.executeStep(TestStep.java:55)\r\n\tat cucumber.runner.TestStep.run(TestStep.java:42)\r\n\tat cucumber.runner.PickleStepTestStep.run(PickleStepTestStep.java:53)\r\n\tat cucumber.runner.TestCase.run(TestCase.java:47)\r\n\tat cucumber.runner.Runner.runPickle(Runner.java:44)\r\n\tat cucumber.runtime.junit.PickleRunners$NoStepDescriptions.run(PickleRunners.java:140)\r\n\tat cucumber.runtime.junit.FeatureRunner.runChild(FeatureRunner.java:68)\r\n\tat cucumber.runtime.junit.FeatureRunner.runChild(FeatureRunner.java:23)\r\n\tat org.junit.runners.ParentRunner$3.run(ParentRunner.java:290)\r\n\tat org.junit.runners.ParentRunner$1.schedule(ParentRunner.java:71)\r\n\tat org.junit.runners.ParentRunner.runChildren(ParentRunner.java:288)\r\n\tat org.junit.runners.ParentRunner.access$000(ParentRunner.java:58)\r\n\tat org.junit.runners.ParentRunner$2.evaluate(ParentRunner.java:268)\r\n\tat org.junit.runners.ParentRunner.run(ParentRunner.java:363)\r\n\tat cucumber.runtime.junit.FeatureRunner.run(FeatureRunner.java:73)\r\n\tat cucumber.api.junit.Cucumber.runChild(Cucumber.java:98)\r\n\tat cucumber.api.junit.Cucumber.runChild(Cucumber.java:55)\r\n\tat org.junit.runners.ParentRunner$3.run(ParentRunner.java:290)\r\n\tat org.junit.runners.ParentRunner$1.schedule(ParentRunner.java:71)\r\n\tat org.junit.runners.ParentRunner.runChildren(ParentRunner.java:288)\r\n\tat org.junit.runners.ParentRunner.access$000(ParentRunner.java:58)\r\n\tat org.junit.runners.ParentRunner$2.evaluate(ParentRunner.java:268)\r\n\tat cucumber.api.junit.Cucumber$1.evaluate(Cucumber.java:107)\r\n\tat org.junit.runners.ParentRunner.run(ParentRunner.java:363)\r\n\tat org.junit.runner.JUnitCore.run(JUnitCore.java:137)\r\n\tat com.intellij.junit4.JUnit4IdeaTestRunner.startRunnerWithArgs(JUnit4IdeaTestRunner.java:68)\r\n\tat com.intellij.rt.execution.junit.IdeaTestRunner$Repeater.startRunnerWithArgs(IdeaTestRunner.java:47)\r\n\tat com.intellij.rt.execution.junit.JUnitStarter.prepareStreamsAndStart(JUnitStarter.java:242)\r\n\tat com.intellij.rt.execution.junit.JUnitStarter.main(JUnitStarter.java:70)\r\n\tat java.base/jdk.internal.reflect.NativeMethodAccessorImpl.invoke0(Native Method)\r\n\tat java.base/jdk.internal.reflect.NativeMethodAccessorImpl.invoke(NativeMethodAccessorImpl.java:62)\r\n\tat java.base/jdk.internal.reflect.DelegatingMethodAccessorImpl.invoke(DelegatingMethodAccessorImpl.java:43)\r\n\tat java.base/java.lang.reflect.Method.invoke(Method.java:566)\r\n\tat com.intellij.rt.execution.application.AppMainV2.main(AppMainV2.java:131)\r\n"},"stage":"finished","steps":[],"attachments":[],"parameters":[{"name":"field","value":"Процентная ставка"},{"name":"value","value":"11 %"}],"start":1584902859340,"stop":1584902869836}],"attachments":[{"name":"Data table","source":"65b7ecea-6567-48a4-b71c-2e1c27681a8f-attachment.csv","type":"text/tab-separated-values"}],"parameters":[],"start":1584902858457,"stop":1584902869837}],"attachments":[],"parameters":[],"start":1584902825018,"stop":1584902870814,"uuid":"1d7f6e2b-c861-44ef-92ec-4a3533f7d80b","historyId":"3dac08bd6b1660ef3ed69c136e2ac799","fullName":"Ипотека: Расчет ежемесячного платежа по ипотеке","labels":[{"name":"feature","value":"Ипотека"},{"name":"story","value":"Расчет ежемесячного платежа по ипотеке"},{"name":"host","value":"DESKTOP-VKINNOG"},{"name":"thread","value":"5492@DESKTOP-VKINNOG.main(1)"},{"name":"package","value":"Ипотека"},{"name":"suite","value":"Ипотека"},{"name":"testClass","value":"Расчет ежемесячного платежа по ипотеке"},{"name":"framework","value":"cucumber3jvm"},{"name":"language","value":"java"}],"links":[]}